# JRE version: OpenJDK Runtime Environment Microsoft-7208460 (11.0.18+10) (build 11.0.18+10-LTS)
# Java VM: OpenJDK 64-Bit Server VM Microsoft-7208460 (11.0.18+10-LTS, mixed mode, tiered, compressed oops, g1 gc, windows-amd64)
Heap:
 garbage-first heap   total 114688K, used 90350K [0x00000000c1c00000, 0x0000000100000000)
  region size 1024K, 1 young (1024K), 1 survivors (1024K)
 Metaspace       used 75263K, capacity 76157K, committed 76240K, reserved 1126400K
  class space    used 8049K, capacity 8405K, committed 8444K, reserved 1048576K
GC Heap History (20 events):
Event: 191.236 GC heap before
{Heap before GC invocations=78 (full 0):
 garbage-first heap   total 114688K, used 96520K [0x00000000c1c00000, 0x0000000100000000)
  region size 1024K, 13 young (13312K), 2 survivors (2048K)
 Metaspace       used 70222K, capacity 71113K, committed 71248K, reserved 1112064K
  class space    used 7645K, capacity 8021K, committed 8060K, reserved 1048576K
}
Event: 191.248 GC heap after
{Heap after GC invocations=79 (full 0):
 garbage-first heap   total 114688K, used 86222K [0x00000000c1c00000, 0x0000000100000000)
  region size 1024K, 1 young (1024K), 1 survivors (1024K)
 Metaspace       used 70222K, capacity 71113K, committed 71248K, reserved 1112064K
  class space    used 7645K, capacity 8021K, committed 8060K, reserved 1048576K
}
Event: 193.235 GC heap before
{Heap before GC invocations=80 (full 0):
 garbage-first heap   total 114688K, used 97486K [0x00000000c1c00000, 0x0000000100000000)
  region size 1024K, 12 young (12288K), 1 survivors (1024K)
 Metaspace       used 70379K, capacity 71305K, committed 71504K, reserved 1112064K
  class space    used 7647K, capacity 8021K, committed 8060K, reserved 1048576K
}
Event: 193.245 GC heap after
{Heap after GC invocations=81 (full 0):
 garbage-first heap   total 114688K, used 87289K [0x00000000c1c00000, 0x0000000100000000)
  region size 1024K, 2 young (2048K), 2 survivors (2048K)
 Metaspace       used 70379K, capacity 71305K, committed 71504K, reserved 1112064K
  class space    used 7647K, capacity 8021K, committed 8060K, reserved 1048576K
}
Event: 194.728 GC heap before
{Heap before GC invocations=81 (full 0):
 garbage-first heap   total 114688K, used 97529K [0x00000000c1c00000, 0x0000000100000000)
  region size 1024K, 12 young (12288K), 2 survivors (2048K)
 Metaspace       used 70438K, capacity 71320K, committed 71504K, reserved 1112064K
  class space    used 7651K, capacity 8024K, committed 8060K, reserved 1048576K
}
Event: 194.741 GC heap after
{Heap after GC invocations=82 (full 0):
 garbage-first heap   total 114688K, used 88192K [0x00000000c1c00000, 0x0000000100000000)
  region size 1024K, 1 young (1024K), 1 survivors (1024K)
 Metaspace       used 70438K, capacity 71320K, committed 71504K, reserved 1112064K
  class space    used 7651K, capacity 8024K, committed 8060K, reserved 1048576K
}
Event: 195.805 GC heap before
{Heap before GC invocations=83 (full 0):
 garbage-first heap   total 114688K, used 97408K [0x00000000c1c00000, 0x0000000100000000)
  region size 1024K, 10 young (10240K), 1 survivors (1024K)
 Metaspace       used 70888K, capacity 71805K, committed 72144K, reserved 1114112K
  class space    used 7684K, capacity 8058K, committed 8188K, reserved 1048576K
}
Event: 195.815 GC heap after
{Heap after GC invocations=84 (full 0):
 garbage-first heap   total 114688K, used 88610K [0x00000000c1c00000, 0x0000000100000000)
  region size 1024K, 2 young (2048K), 2 survivors (2048K)
 Metaspace       used 70888K, capacity 71805K, committed 72144K, reserved 1114112K
  class space    used 7684K, capacity 8058K, committed 8188K, reserved 1048576K
}
Event: 196.669 GC heap before
{Heap before GC invocations=84 (full 0):
 garbage-first heap   total 114688K, used 97826K [0x00000000c1c00000, 0x0000000100000000)
  region size 1024K, 11 young (11264K), 2 survivors (2048K)
 Metaspace       used 71035K, capacity 71933K, committed 72144K, reserved 1114112K
  class space    used 7688K, capacity 8058K, committed 8188K, reserved 1048576K
}
Event: 196.677 GC heap after
{Heap after GC invocations=85 (full 0):
 garbage-first heap   total 114688K, used 88797K [0x00000000c1c00000, 0x0000000100000000)
  region size 1024K, 1 young (1024K), 1 survivors (1024K)
 Metaspace       used 71035K, capacity 71933K, committed 72144K, reserved 1114112K
  class space    used 7688K, capacity 8058K, committed 8188K, reserved 1048576K
}
Event: 197.337 GC heap before
{Heap before GC invocations=86 (full 0):
 garbage-first heap   total 114688K, used 98013K [0x00000000c1c00000, 0x0000000100000000)
  region size 1024K, 10 young (10240K), 1 survivors (1024K)
 Metaspace       used 71122K, capacity 71997K, committed 72144K, reserved 1114112K
  class space    used 7689K, capacity 8058K, committed 8188K, reserved 1048576K
}
Event: 197.343 GC heap after
{Heap after GC invocations=87 (full 0):
 garbage-first heap   total 114688K, used 88844K [0x00000000c1c00000, 0x0000000100000000)
  region size 1024K, 1 young (1024K), 1 survivors (1024K)
 Metaspace       used 71122K, capacity 71997K, committed 72144K, reserved 1114112K
  class space    used 7689K, capacity 8058K, committed 8188K, reserved 1048576K
}
Event: 198.001 GC heap before
{Heap before GC invocations=87 (full 0):
 garbage-first heap   total 114688K, used 98060K [0x00000000c1c00000, 0x0000000100000000)
  region size 1024K, 10 young (10240K), 1 survivors (1024K)
 Metaspace       used 71293K, capacity 72190K, committed 72400K, reserved 1114112K
  class space    used 7699K, capacity 8058K, committed 8188K, reserved 1048576K
}
Event: 198.007 GC heap after
{Heap after GC invocations=88 (full 0):
 garbage-first heap   total 114688K, used 89022K [0x00000000c1c00000, 0x0000000100000000)
  region size 1024K, 1 young (1024K), 1 survivors (1024K)
 Metaspace       used 71293K, capacity 72190K, committed 72400K, reserved 1114112K
  class space    used 7699K, capacity 8058K, committed 8188K, reserved 1048576K
}
Event: 203.043 GC heap before
{Heap before GC invocations=89 (full 0):
 garbage-first heap   total 114688K, used 98238K [0x00000000c1c00000, 0x0000000100000000)
  region size 1024K, 10 young (10240K), 1 survivors (1024K)
 Metaspace       used 72373K, capacity 73330K, committed 73424K, reserved 1114112K
  class space    used 7790K, capacity 8145K, committed 8188K, reserved 1048576K
}
Event: 203.054 GC heap after
{Heap after GC invocations=90 (full 0):
 garbage-first heap   total 114688K, used 89494K [0x00000000c1c00000, 0x0000000100000000)
  region size 1024K, 2 young (2048K), 2 survivors (2048K)
 Metaspace       used 72373K, capacity 73330K, committed 73424K, reserved 1114112K
  class space    used 7790K, capacity 8145K, committed 8188K, reserved 1048576K
}
Event: 209.753 GC heap before
{Heap before GC invocations=90 (full 0):
 garbage-first heap   total 114688K, used 97686K [0x00000000c1c00000, 0x0000000100000000)
  region size 1024K, 11 young (11264K), 2 survivors (2048K)
 Metaspace       used 73981K, capacity 74901K, committed 75216K, reserved 1116160K
  class space    used 7941K, capacity 8306K, committed 8444K, reserved 1048576K
}
Event: 209.765 GC heap after
{Heap after GC invocations=91 (full 0):
 garbage-first heap   total 114688K, used 90233K [0x00000000c1c00000, 0x0000000100000000)
  region size 1024K, 2 young (2048K), 2 survivors (2048K)
 Metaspace       used 73981K, capacity 74901K, committed 75216K, reserved 1116160K
  class space    used 7941K, capacity 8306K, committed 8444K, reserved 1048576K
}
Event: 213.021 GC heap before
{Heap before GC invocations=92 (full 0):
 garbage-first heap   total 114688K, used 93305K [0x00000000c1c00000, 0x0000000100000000)
  region size 1024K, 7 young (7168K), 2 survivors (2048K)
 Metaspace       used 75263K, capacity 76157K, committed 76240K, reserved 1124352K
  class space    used 8049K, capacity 8405K, committed 8444K, reserved 1048576K
}
Event: 213.037 GC heap after
{Heap after GC invocations=93 (full 0):
 garbage-first heap   total 114688K, used 90350K [0x00000000c1c00000, 0x0000000100000000)
  region size 1024K, 1 young (1024K), 1 survivors (1024K)
 Metaspace       used 75263K, capacity 76157K, committed 76240K, reserved 1124352K
  class space    used 8049K, capacity 8405K, committed 8444K, reserved 1048576K
}

