# JRE version: OpenJDK Runtime Environment Microsoft-7208460 (11.0.18+10) (build 11.0.18+10-LTS)
# Java VM: OpenJDK 64-Bit Server VM Microsoft-7208460 (11.0.18+10-LTS, mixed mode, tiered, compressed oops, g1 gc, windows-amd64)
Heap:
 garbage-first heap   total 65536K, used 10944K [0x00000000fc000000, 0x0000000100000000)
  region size 1024K, 2 young (2048K), 1 survivors (1024K)
 Metaspace       used 16403K, capacity 16734K, committed 16896K, reserved 1064960K
  class space    used 1837K, capacity 1943K, committed 2048K, reserved 1048576K
GC Heap History (8 events):
Event: 0.837 GC heap before
{Heap before GC invocations=0 (full 0):
 garbage-first heap   total 65536K, used 16384K [0x00000000fc000000, 0x0000000100000000)
  region size 1024K, 14 young (14336K), 0 survivors (0K)
 Metaspace       used 7667K, capacity 7825K, committed 7936K, reserved 1056768K
  class space    used 674K, capacity 754K, committed 768K, reserved 1048576K
}
Event: 0.843 GC heap after
{Heap after GC invocations=1 (full 0):
 garbage-first heap   total 65536K, used 3211K [0x00000000fc000000, 0x0000000100000000)
  region size 1024K, 2 young (2048K), 2 survivors (2048K)
 Metaspace       used 7667K, capacity 7825K, committed 7936K, reserved 1056768K
  class space    used 674K, capacity 754K, committed 768K, reserved 1048576K
}
Event: 1.340 GC heap before
{Heap before GC invocations=1 (full 0):
 garbage-first heap   total 65536K, used 16523K [0x00000000fc000000, 0x0000000100000000)
  region size 1024K, 13 young (13312K), 2 survivors (2048K)
 Metaspace       used 10752K, capacity 11000K, committed 11264K, reserved 1058816K
  class space    used 1100K, capacity 1178K, committed 1280K, reserved 1048576K
}
Event: 1.347 GC heap after
{Heap after GC invocations=2 (full 0):
 garbage-first heap   total 65536K, used 9821K [0x00000000fc000000, 0x0000000100000000)
  region size 1024K, 2 young (2048K), 2 survivors (2048K)
 Metaspace       used 10752K, capacity 11000K, committed 11264K, reserved 1058816K
  class space    used 1100K, capacity 1178K, committed 1280K, reserved 1048576K
}
Event: 2.067 GC heap before
{Heap before GC invocations=2 (full 0):
 garbage-first heap   total 65536K, used 28253K [0x00000000fc000000, 0x0000000100000000)
  region size 1024K, 20 young (20480K), 2 survivors (2048K)
 Metaspace       used 15452K, capacity 15789K, committed 16000K, reserved 1062912K
  class space    used 1769K, capacity 1905K, committed 1920K, reserved 1048576K
}
Event: 2.071 GC heap after
{Heap after GC invocations=3 (full 0):
 garbage-first heap   total 65536K, used 10825K [0x00000000fc000000, 0x0000000100000000)
  region size 1024K, 1 young (1024K), 1 survivors (1024K)
 Metaspace       used 15452K, capacity 15789K, committed 16000K, reserved 1062912K
  class space    used 1769K, capacity 1905K, committed 1920K, reserved 1048576K
}
Event: 823.773 GC heap before
{Heap before GC invocations=3 (full 0):
 garbage-first heap   total 65536K, used 34377K [0x00000000fc000000, 0x0000000100000000)
  region size 1024K, 24 young (24576K), 1 survivors (1024K)
 Metaspace       used 16403K, capacity 16734K, committed 16896K, reserved 1064960K
  class space    used 1837K, capacity 1943K, committed 2048K, reserved 1048576K
}
Event: 824.587 GC heap after
{Heap after GC invocations=4 (full 0):
 garbage-first heap   total 65536K, used 10944K [0x00000000fc000000, 0x0000000100000000)
  region size 1024K, 1 young (1024K), 1 survivors (1024K)
 Metaspace       used 16403K, capacity 16734K, committed 16896K, reserved 1064960K
  class space    used 1837K, capacity 1943K, committed 2048K, reserved 1048576K
}

