# JRE version: OpenJDK Runtime Environment Microsoft-7208460 (11.0.18+10) (build 11.0.18+10-LTS)
# Java VM: OpenJDK 64-Bit Server VM Microsoft-7208460 (11.0.18+10-LTS, mixed mode, tiered, compressed oops, g1 gc, windows-amd64)
Heap:
 garbage-first heap   total 138240K, used 101593K [0x00000000c1c00000, 0x0000000100000000)
  region size 1024K, 23 young (23552K), 2 survivors (2048K)
 Metaspace       used 76304K, capacity 77209K, committed 77392K, reserved 1118208K
  class space    used 8179K, capacity 8539K, committed 8572K, reserved 1048576K
GC Heap History (20 events):
Event: 201.097 GC heap before
{Heap before GC invocations=119 (full 0):
 garbage-first heap   total 95232K, used 82653K [0x00000000c1c00000, 0x0000000100000000)
  region size 1024K, 4 young (4096K), 1 survivors (1024K)
 Metaspace       used 70948K, capacity 71843K, committed 72144K, reserved 1114112K
  class space    used 7711K, capacity 8090K, committed 8188K, reserved 1048576K
}
Event: 201.102 GC heap after
{Heap after GC invocations=120 (full 0):
 garbage-first heap   total 95232K, used 79809K [0x00000000c1c00000, 0x0000000100000000)
  region size 1024K, 1 young (1024K), 1 survivors (1024K)
 Metaspace       used 70948K, capacity 71843K, committed 72144K, reserved 1114112K
  class space    used 7711K, capacity 8090K, committed 8188K, reserved 1048576K
}
Event: 201.363 GC heap before
{Heap before GC invocations=120 (full 0):
 garbage-first heap   total 95232K, used 82881K [0x00000000c1c00000, 0x0000000100000000)
  region size 1024K, 4 young (4096K), 1 survivors (1024K)
 Metaspace       used 70975K, capacity 71907K, committed 72144K, reserved 1114112K
  class space    used 7712K, capacity 8090K, committed 8188K, reserved 1048576K
}
Event: 201.368 GC heap after
{Heap after GC invocations=121 (full 0):
 garbage-first heap   total 95232K, used 80032K [0x00000000c1c00000, 0x0000000100000000)
  region size 1024K, 1 young (1024K), 1 survivors (1024K)
 Metaspace       used 70975K, capacity 71907K, committed 72144K, reserved 1114112K
  class space    used 7712K, capacity 8090K, committed 8188K, reserved 1048576K
}
Event: 201.457 GC heap before
{Heap before GC invocations=121 (full 0):
 garbage-first heap   total 95232K, used 83104K [0x00000000c1c00000, 0x0000000100000000)
  region size 1024K, 4 young (4096K), 1 survivors (1024K)
 Metaspace       used 71010K, capacity 71907K, committed 72144K, reserved 1114112K
  class space    used 7714K, capacity 8090K, committed 8188K, reserved 1048576K
}
Event: 201.461 GC heap after
{Heap after GC invocations=122 (full 0):
 garbage-first heap   total 95232K, used 80167K [0x00000000c1c00000, 0x0000000100000000)
  region size 1024K, 1 young (1024K), 1 survivors (1024K)
 Metaspace       used 71010K, capacity 71907K, committed 72144K, reserved 1114112K
  class space    used 7714K, capacity 8090K, committed 8188K, reserved 1048576K
}
Event: 201.644 GC heap before
{Heap before GC invocations=122 (full 0):
 garbage-first heap   total 95232K, used 83239K [0x00000000c1c00000, 0x0000000100000000)
  region size 1024K, 4 young (4096K), 1 survivors (1024K)
 Metaspace       used 71057K, capacity 71971K, committed 72144K, reserved 1114112K
  class space    used 7714K, capacity 8090K, committed 8188K, reserved 1048576K
}
Event: 201.649 GC heap after
{Heap after GC invocations=123 (full 0):
 garbage-first heap   total 95232K, used 80416K [0x00000000c1c00000, 0x0000000100000000)
  region size 1024K, 1 young (1024K), 1 survivors (1024K)
 Metaspace       used 71057K, capacity 71971K, committed 72144K, reserved 1114112K
  class space    used 7714K, capacity 8090K, committed 8188K, reserved 1048576K
}
Event: 202.061 GC heap before
{Heap before GC invocations=123 (full 0):
 garbage-first heap   total 95232K, used 83488K [0x00000000c1c00000, 0x0000000100000000)
  region size 1024K, 4 young (4096K), 1 survivors (1024K)
 Metaspace       used 71089K, capacity 71977K, committed 72144K, reserved 1114112K
  class space    used 7716K, capacity 8091K, committed 8188K, reserved 1048576K
}
Event: 202.067 GC heap after
{Heap after GC invocations=124 (full 0):
 garbage-first heap   total 114688K, used 80694K [0x00000000c1c00000, 0x0000000100000000)
  region size 1024K, 1 young (1024K), 1 survivors (1024K)
 Metaspace       used 71089K, capacity 71977K, committed 72144K, reserved 1114112K
  class space    used 7716K, capacity 8091K, committed 8188K, reserved 1048576K
}
Event: 202.708 GC heap before
{Heap before GC invocations=124 (full 0):
 garbage-first heap   total 114688K, used 89910K [0x00000000c1c00000, 0x0000000100000000)
  region size 1024K, 10 young (10240K), 1 survivors (1024K)
 Metaspace       used 71294K, capacity 72174K, committed 72400K, reserved 1114112K
  class space    used 7735K, capacity 8093K, committed 8188K, reserved 1048576K
}
Event: 202.715 GC heap after
{Heap after GC invocations=125 (full 0):
 garbage-first heap   total 114688K, used 81294K [0x00000000c1c00000, 0x0000000100000000)
  region size 1024K, 2 young (2048K), 2 survivors (2048K)
 Metaspace       used 71294K, capacity 72174K, committed 72400K, reserved 1114112K
  class space    used 7735K, capacity 8093K, committed 8188K, reserved 1048576K
}
Event: 203.068 GC heap before
{Heap before GC invocations=125 (full 0):
 garbage-first heap   total 114688K, used 90510K [0x00000000c1c00000, 0x0000000100000000)
  region size 1024K, 11 young (11264K), 2 survivors (2048K)
 Metaspace       used 71557K, capacity 72462K, committed 72656K, reserved 1114112K
  class space    used 7747K, capacity 8125K, committed 8188K, reserved 1048576K
}
Event: 203.074 GC heap after
{Heap after GC invocations=126 (full 0):
 garbage-first heap   total 114688K, used 81417K [0x00000000c1c00000, 0x0000000100000000)
  region size 1024K, 1 young (1024K), 1 survivors (1024K)
 Metaspace       used 71557K, capacity 72462K, committed 72656K, reserved 1114112K
  class space    used 7747K, capacity 8125K, committed 8188K, reserved 1048576K
}
Event: 203.398 GC heap before
{Heap before GC invocations=126 (full 0):
 garbage-first heap   total 114688K, used 91657K [0x00000000c1c00000, 0x0000000100000000)
  region size 1024K, 11 young (11264K), 1 survivors (1024K)
 Metaspace       used 71664K, capacity 72590K, committed 72656K, reserved 1114112K
  class space    used 7752K, capacity 8125K, committed 8188K, reserved 1048576K
}
Event: 203.406 GC heap after
{Heap after GC invocations=127 (full 0):
 garbage-first heap   total 114688K, used 81703K [0x00000000c1c00000, 0x0000000100000000)
  region size 1024K, 2 young (2048K), 2 survivors (2048K)
 Metaspace       used 71664K, capacity 72590K, committed 72656K, reserved 1114112K
  class space    used 7752K, capacity 8125K, committed 8188K, reserved 1048576K
}
Event: 203.736 GC heap before
{Heap before GC invocations=127 (full 0):
 garbage-first heap   total 114688K, used 91943K [0x00000000c1c00000, 0x0000000100000000)
  region size 1024K, 12 young (12288K), 2 survivors (2048K)
 Metaspace       used 71743K, capacity 72660K, committed 72912K, reserved 1114112K
  class space    used 7759K, capacity 8126K, committed 8188K, reserved 1048576K
}
Event: 203.745 GC heap after
{Heap after GC invocations=128 (full 0):
 garbage-first heap   total 138240K, used 81816K [0x00000000c1c00000, 0x0000000100000000)
  region size 1024K, 2 young (2048K), 2 survivors (2048K)
 Metaspace       used 71743K, capacity 72660K, committed 72912K, reserved 1114112K
  class space    used 7759K, capacity 8126K, committed 8188K, reserved 1048576K
}
Event: 204.396 GC heap before
{Heap before GC invocations=128 (full 0):
 garbage-first heap   total 138240K, used 102296K [0x00000000c1c00000, 0x0000000100000000)
  region size 1024K, 22 young (22528K), 2 survivors (2048K)
 Metaspace       used 72105K, capacity 72981K, committed 73168K, reserved 1114112K
  class space    used 7770K, capacity 8126K, committed 8188K, reserved 1048576K
}
Event: 204.405 GC heap after
{Heap after GC invocations=129 (full 0):
 garbage-first heap   total 138240K, used 82137K [0x00000000c1c00000, 0x0000000100000000)
  region size 1024K, 2 young (2048K), 2 survivors (2048K)
 Metaspace       used 72105K, capacity 72981K, committed 73168K, reserved 1114112K
  class space    used 7770K, capacity 8126K, committed 8188K, reserved 1048576K
}

